2 threads
Sequential histogram for 50 buckets of 1000000 values
 ave = 20000.000000, std_dev = 394.372925
 in 0.000992 seconds
par with critical
 histogram for 50 buckets of 1000000 values
 ave = 20000.000000, std_dev = 394.372925
 in 0.014622 seconds
par with atomic
 histogram for 50 buckets of 1000000 values
 ave = 20000.000000, std_dev = 394.372925
 in 0.013774 seconds
par with locks
 histogram for 50 buckets of 1000000 values
 ave = 20000.000000, std_dev = 394.372925
 in 0.017161 seconds
par with reduction
 histogram for 50 buckets of 1000000 values
 ave = 20000.000000, std_dev = 394.372925
 in 0.023888 seconds
