2 threads
Sequential histogram for 50 buckets of 1000000 values
 ave = 20000.000000, std_dev = 394.372925
 in 0.000998 seconds
par with critical
 histogram for 50 buckets of 1000000 values
 ave = 20000.000000, std_dev = 394.372925
 in 0.026809 seconds
par with atomic
 histogram for 50 buckets of 1000000 values
 ave = 20000.000000, std_dev = 394.372925
 in 0.023873 seconds
par with locks
 histogram for 50 buckets of 1000000 values
 ave = 20000.000000, std_dev = 394.372925
 in 0.052049 seconds
par with reduction
 histogram for 50 buckets of 1000000 values
 ave = 20000.000000, std_dev = 394.372925
 in 0.001720 seconds
