16 threads
Sequential histogram for 50 buckets of 1000000 values
 ave = 20000.000000, std_dev = 394.372925
 in 0.000940 seconds
par with critical
 histogram for 50 buckets of 1000000 values
 ave = 20000.000000, std_dev = 394.372925
 in 0.148166 seconds
par with atomic
 histogram for 50 buckets of 1000000 values
 ave = 20000.000000, std_dev = 394.372925
 in 0.042583 seconds
par with locks
 histogram for 50 buckets of 1000000 values
 ave = 20000.000000, std_dev = 394.372925
 in 0.362992 seconds
par with reduction
 histogram for 50 buckets of 1000000 values
 ave = 20000.000000, std_dev = 394.372925
 in 0.016659 seconds
