1 threads
Sequential histogram for 50 buckets of 1000000 values
 ave = 20000.000000, std_dev = 394.372925
 in 0.000934 seconds
par with critical
 histogram for 50 buckets of 1000000 values
 ave = 20000.000000, std_dev = 394.372925
 in 0.005717 seconds
par with atomic
 histogram for 50 buckets of 1000000 values
 ave = 20000.000000, std_dev = 394.372925
 in 0.002652 seconds
par with locks
 histogram for 50 buckets of 1000000 values
 ave = 20000.000000, std_dev = 394.372925
 in 0.005467 seconds
par with reduction
 histogram for 50 buckets of 1000000 values
 ave = 20000.000000, std_dev = 394.372925
 in 0.001664 seconds
